[debug] [2017-10-09T07:45:34.299Z] ----------------------------------------------------------------------
[debug] [2017-10-09T07:45:34.302Z] Command:       /usr/local/bin/node /usr/local/bin/firebase serve -p 8080
[debug] [2017-10-09T07:45:34.302Z] CLI Version:   3.13.1
[debug] [2017-10-09T07:45:34.302Z] Platform:      darwin
[debug] [2017-10-09T07:45:34.302Z] Node Version:  v7.4.0
[debug] [2017-10-09T07:45:34.303Z] Time:          Mon Oct 09 2017 10:45:34 GMT+0300 (EEST)
[debug] [2017-10-09T07:45:34.303Z] ----------------------------------------------------------------------
[debug] 
[debug] [2017-10-09T07:45:34.314Z] > command requires scopes: ["email","openid","https://www.googleapis.com/auth/cloudplatformprojects.readonly","https://www.googleapis.com/auth/firebase","https://www.googleapis.com/auth/cloud-platform"]
[debug] [2017-10-09T07:45:34.315Z] > authorizing via signed-in user
[debug] [2017-10-09T07:45:34.317Z] >>> HTTP REQUEST GET https://admin.firebase.com/v1/projects/photo-blog-85739  
 Mon Oct 09 2017 10:45:34 GMT+0300 (EEST)
[debug] [2017-10-09T07:45:35.109Z] <<< HTTP RESPONSE 200
[debug] [2017-10-09T07:45:35.110Z] >>> HTTP REQUEST GET https://admin.firebase.com/v1/database/photo-blog-85739/tokens  
 Mon Oct 09 2017 10:45:35 GMT+0300 (EEST)
[debug] [2017-10-09T07:45:35.815Z] <<< HTTP RESPONSE 200
[info] 
[info] === Serving from '/Users/SuccessProjects/Documents/TelerikTraining/FrontEndDevelopment'...
[info] 
[debug] [2017-10-09T07:45:35.818Z] >>> HTTP REQUEST GET https://cloudresourcemanager.googleapis.com/v1/projects/photo-blog-85739  
 Mon Oct 09 2017 10:45:35 GMT+0300 (EEST)
[debug] [2017-10-09T07:45:36.717Z] <<< HTTP RESPONSE 200
[debug] [2017-10-09T07:45:36.717Z] >>> HTTP REQUEST GET https://mobilesdk-pa.googleapis.com/v1/projects/735786168913/clients/_:getWebAppConfig  
 Mon Oct 09 2017 10:45:36 GMT+0300 (EEST)
[debug] [2017-10-09T07:45:37.177Z] <<< HTTP RESPONSE 200
[info] i  hosting: Serving hosting files from: public
[info] ✔  hosting: Local server: http://localhost:8080

[info] Shutting down...
