[debug] [2017-10-08T12:19:22.857Z] ----------------------------------------------------------------------
[debug] [2017-10-08T12:19:22.859Z] Command:       /usr/local/bin/node /usr/local/bin/firebase serve -p 8080
[debug] [2017-10-08T12:19:22.859Z] CLI Version:   3.13.1
[debug] [2017-10-08T12:19:22.859Z] Platform:      darwin
[debug] [2017-10-08T12:19:22.859Z] Node Version:  v7.4.0
[debug] [2017-10-08T12:19:22.860Z] Time:          Sun Oct 08 2017 15:19:22 GMT+0300 (EEST)
[debug] [2017-10-08T12:19:22.860Z] ----------------------------------------------------------------------
[debug] 
[debug] [2017-10-08T12:19:22.877Z] > command requires scopes: ["email","openid","https://www.googleapis.com/auth/cloudplatformprojects.readonly","https://www.googleapis.com/auth/firebase","https://www.googleapis.com/auth/cloud-platform"]
[debug] [2017-10-08T12:19:22.877Z] > authorizing via signed-in user
[debug] [2017-10-08T12:19:22.879Z] >>> HTTP REQUEST GET https://admin.firebase.com/v1/projects/photo-blog-85739  
 Sun Oct 08 2017 15:19:22 GMT+0300 (EEST)
[debug] [2017-10-08T12:19:23.716Z] <<< HTTP RESPONSE 200
[debug] [2017-10-08T12:19:23.717Z] >>> HTTP REQUEST GET https://admin.firebase.com/v1/database/photo-blog-85739/tokens  
 Sun Oct 08 2017 15:19:23 GMT+0300 (EEST)
[debug] [2017-10-08T12:19:24.411Z] <<< HTTP RESPONSE 200
[info] 
[info] === Serving from '/Users/SuccessProjects/Documents/TelerikTraining/FrontEndDevelopment'...
[info] 
[debug] [2017-10-08T12:19:24.414Z] >>> HTTP REQUEST GET https://cloudresourcemanager.googleapis.com/v1/projects/photo-blog-85739  
 Sun Oct 08 2017 15:19:24 GMT+0300 (EEST)
[debug] [2017-10-08T12:19:25.351Z] <<< HTTP RESPONSE 200
[debug] [2017-10-08T12:19:25.351Z] >>> HTTP REQUEST GET https://mobilesdk-pa.googleapis.com/v1/projects/735786168913/clients/_:getWebAppConfig  
 Sun Oct 08 2017 15:19:25 GMT+0300 (EEST)
[debug] [2017-10-08T12:19:25.854Z] <<< HTTP RESPONSE 200
[info] i  hosting: Serving hosting files from: public
[info] ✔  hosting: Local server: http://localhost:8080

